Connecting to database specified by database.yml
Migrating to CreateUsers (20120919093608)
Migrating to AddEmailUniquenessIndex (20120919100642)
Migrating to AddPasswordToUsers (20120919161051)
Migrating to AddSaltToUsers (20120919162608)
Connecting to database specified by database.yml
Migrating to CreateUsers (20120919093608)
Migrating to AddEmailUniquenessIndex (20120919100642)
Migrating to AddPasswordToUsers (20120919161051)
Migrating to AddSaltToUsers (20120919162608)
Connecting to database specified by database.yml


Started GET "/" for 127.0.0.1 at 2012-09-20 01:37:06 +0400
Processing by PagesController#home as HTML
  Rendered pages/home.html.erb within layouts/application (3.4ms)
  Rendered layouts/_stylesheets.html.erb (2.4ms)
  Rendered layouts/_header.html.erb (64.4ms)
  Rendered layouts/_footer.html.erb (1.0ms)
Completed 200 OK in 113ms (Views: 102.7ms | ActiveRecord: 9.5ms)


Started GET "/signup" for 127.0.0.1 at 2012-09-20 01:37:09 +0400
Processing by UsersController#new as HTML
  Rendered shared/_error_messages.html.erb (0.8ms)
  Rendered users/new.html.erb within layouts/application (13.8ms)
  Rendered layouts/_stylesheets.html.erb (1.7ms)
  Rendered layouts/_header.html.erb (2.5ms)
  Rendered layouts/_footer.html.erb (0.6ms)
Completed 200 OK in 31ms (Views: 21.1ms | ActiveRecord: 0.5ms)


Started GET "/" for 127.0.0.1 at 2012-09-20 01:37:12 +0400
Processing by PagesController#home as HTML
  Rendered pages/home.html.erb within layouts/application (0.4ms)
  Rendered layouts/_stylesheets.html.erb (2.4ms)
  Rendered layouts/_header.html.erb (3.0ms)
  Rendered layouts/_footer.html.erb (0.7ms)
Completed 200 OK in 8ms (Views: 7.9ms | ActiveRecord: 0.4ms)


Started GET "/" for 127.0.0.1 at 2012-09-20 01:37:13 +0400
Processing by PagesController#home as HTML
  Rendered pages/home.html.erb within layouts/application (0.6ms)
  Rendered layouts/_stylesheets.html.erb (3.2ms)
  Rendered layouts/_header.html.erb (2.4ms)
  Rendered layouts/_footer.html.erb (0.5ms)
Completed 200 OK in 9ms (Views: 8.2ms | ActiveRecord: 0.4ms)


Started GET "/" for 127.0.0.1 at 2012-09-20 01:37:15 +0400
Processing by PagesController#home as HTML
  Rendered pages/home.html.erb within layouts/application (0.6ms)
  Rendered layouts/_stylesheets.html.erb (3.3ms)
  Rendered layouts/_header.html.erb (2.3ms)
  Rendered layouts/_footer.html.erb (0.5ms)
Completed 200 OK in 9ms (Views: 8.1ms | ActiveRecord: 0.4ms)


Started GET "/help" for 127.0.0.1 at 2012-09-20 01:37:16 +0400
Processing by PagesController#help as HTML
  Rendered pages/help.html.erb within layouts/application (0.6ms)
  Rendered layouts/_stylesheets.html.erb (2.1ms)
  Rendered layouts/_header.html.erb (2.6ms)
  Rendered layouts/_footer.html.erb (0.5ms)
Completed 200 OK in 10ms (Views: 8.5ms | ActiveRecord: 0.4ms)


Started GET "/signin" for 127.0.0.1 at 2012-09-20 01:37:18 +0400
Processing by SessionsController#new as HTML
  Rendered sessions/new.html.erb within layouts/application (3.0ms)
  Rendered layouts/_stylesheets.html.erb (1.8ms)
  Rendered layouts/_header.html.erb (2.4ms)
  Rendered layouts/_footer.html.erb (0.4ms)
Completed 200 OK in 12ms (Views: 11.3ms | ActiveRecord: 0.4ms)


Started POST "/sessions" for 127.0.0.1 at 2012-09-20 01:37:22 +0400
Processing by SessionsController#create as HTML
  Parameters: {"utf8"=>"✓", "authenticity_token"=>"rppEHr3QM/zJ6bohQ+uk9I+gU0jZ43GQ6akRp2m7oZ0=", "session"=>{"email"=>"иваи", "password"=>"[FILTERED]"}, "commit"=>"Sign in"}
  Rendered sessions/new.html.erb within layouts/application (2.5ms)
  Rendered layouts/_stylesheets.html.erb (2.5ms)
  Rendered layouts/_header.html.erb (2.9ms)
  Rendered layouts/_footer.html.erb (0.6ms)
Completed 200 OK in 13ms (Views: 10.1ms | ActiveRecord: 1.3ms)


Started GET "/signup" for 127.0.0.1 at 2012-09-20 01:37:24 +0400
Processing by UsersController#new as HTML
  Rendered shared/_error_messages.html.erb (0.1ms)
  Rendered users/new.html.erb within layouts/application (5.4ms)
  Rendered layouts/_stylesheets.html.erb (1.9ms)
  Rendered layouts/_header.html.erb (2.3ms)
  Rendered layouts/_footer.html.erb (0.6ms)
Completed 200 OK in 12ms (Views: 11.5ms | ActiveRecord: 0.4ms)


Started POST "/users" for 127.0.0.1 at 2012-09-20 01:38:10 +0400
Processing by UsersController#create as HTML
  Parameters: {"utf8"=>"✓", "authenticity_token"=>"rppEHr3QM/zJ6bohQ+uk9I+gU0jZ43GQ6akRp2m7oZ0=", "user"=>{"name"=>"qwerty", "email"=>"qwerty@qwerty.qwe", "password"=>"[FILTERED]", "password_confirmation"=>"[FILTERED]"}, "commit"=>"Sign up"}
Redirected to http://localhost:3000/users/1
Completed 302 Found in 79ms (ActiveRecord: 4.0ms)


Started GET "/users/1" for 127.0.0.1 at 2012-09-20 01:38:10 +0400
Processing by UsersController#show as HTML
  Parameters: {"id"=>"1"}
  Rendered users/show.html.erb within layouts/application (1.6ms)
  Rendered layouts/_stylesheets.html.erb (1.7ms)
  Rendered layouts/_header.html.erb (2.7ms)
  Rendered layouts/_footer.html.erb (0.4ms)
Completed 200 OK in 11ms (Views: 7.8ms | ActiveRecord: 1.3ms)


Started GET "/help" for 127.0.0.1 at 2012-09-20 01:41:12 +0400
Processing by PagesController#help as HTML
  Rendered pages/help.html.erb within layouts/application (0.1ms)
  Rendered layouts/_stylesheets.html.erb (2.1ms)
  Rendered layouts/_header.html.erb (2.8ms)
  Rendered layouts/_footer.html.erb (0.5ms)
Completed 200 OK in 8ms (Views: 7.1ms | ActiveRecord: 0.4ms)


Started GET "/" for 127.0.0.1 at 2012-09-20 01:41:13 +0400
Processing by PagesController#home as HTML
  Rendered pages/home.html.erb within layouts/application (0.6ms)
  Rendered layouts/_stylesheets.html.erb (2.7ms)
  Rendered layouts/_header.html.erb (2.8ms)
  Rendered layouts/_footer.html.erb (0.5ms)
Completed 200 OK in 9ms (Views: 8.0ms | ActiveRecord: 0.4ms)


Started GET "/help" for 127.0.0.1 at 2012-09-20 01:41:15 +0400
Processing by PagesController#help as HTML
  Rendered pages/help.html.erb within layouts/application (0.0ms)
  Rendered layouts/_stylesheets.html.erb (2.5ms)
  Rendered layouts/_header.html.erb (3.2ms)
  Rendered layouts/_footer.html.erb (0.5ms)
Completed 200 OK in 8ms (Views: 7.5ms | ActiveRecord: 0.5ms)


Started GET "/signout" for 127.0.0.1 at 2012-09-20 01:41:17 +0400
Processing by SessionsController#destroy as HTML
Redirected to http://localhost:3000/
Completed 302 Found in 2ms (ActiveRecord: 0.0ms)


Started GET "/" for 127.0.0.1 at 2012-09-20 01:41:17 +0400
Processing by PagesController#home as HTML
  Rendered pages/home.html.erb within layouts/application (0.5ms)
  Rendered layouts/_stylesheets.html.erb (2.5ms)
  Rendered layouts/_header.html.erb (3.3ms)
  Rendered layouts/_footer.html.erb (0.7ms)
Completed 200 OK in 9ms (Views: 8.5ms | ActiveRecord: 0.5ms)


Started GET "/signin" for 127.0.0.1 at 2012-09-20 01:41:21 +0400
Processing by SessionsController#new as HTML
  Rendered sessions/new.html.erb within layouts/application (2.2ms)
  Rendered layouts/_stylesheets.html.erb (2.0ms)
  Rendered layouts/_header.html.erb (2.4ms)
  Rendered layouts/_footer.html.erb (0.4ms)
Completed 200 OK in 9ms (Views: 8.2ms | ActiveRecord: 0.4ms)


Started POST "/sessions" for 127.0.0.1 at 2012-09-20 01:41:40 +0400
Processing by SessionsController#create as HTML
  Parameters: {"utf8"=>"✓", "authenticity_token"=>"rppEHr3QM/zJ6bohQ+uk9I+gU0jZ43GQ6akRp2m7oZ0=", "session"=>{"email"=>"qwerty@qwerty.qwe", "password"=>"[FILTERED]"}, "commit"=>"Sign in"}
Redirected to http://localhost:3000/users/1
Completed 302 Found in 2ms (ActiveRecord: 0.5ms)


Started GET "/users/1" for 127.0.0.1 at 2012-09-20 01:41:41 +0400
Processing by UsersController#show as HTML
  Parameters: {"id"=>"1"}
  Rendered users/show.html.erb within layouts/application (1.0ms)
  Rendered layouts/_stylesheets.html.erb (2.2ms)
  Rendered layouts/_header.html.erb (2.5ms)
  Rendered layouts/_footer.html.erb (0.4ms)
Completed 200 OK in 9ms (Views: 7.3ms | ActiveRecord: 0.8ms)
